<?xml version="1.0" encoding="UTF-8"?>
<testsuite name="com.project.cicd.CicdApplicationTests" tests="1" skipped="0" failures="0" errors="0" timestamp="2025-05-18T14:24:50.096Z" hostname="ip-10-20-1-30" time="0.817">
  <properties/>
  <testcase name="contextLoads()" classname="com.project.cicd.CicdApplicationTests" time="0.817"/>
  <system-out><![CDATA[14:24:48.013 [Test worker] INFO org.springframework.test.context.support.AnnotationConfigContextLoaderUtils -- Could not detect default configuration classes for test class [com.project.cicd.CicdApplicationTests]: CicdApplicationTests does not declare any static, non-private, non-final, nested classes annotated with @Configuration.
14:24:48.121 [Test worker] INFO org.springframework.boot.test.context.SpringBootTestContextBootstrapper -- Found @SpringBootConfiguration com.project.cicd.CicdApplication for test class com.project.cicd.CicdApplicationTests

  .   ____          _            __ _ _
 /\\ / ___'_ __ _ _(_)_ __  __ _ \ \ \ \
( ( )\___ | '_ | '_| | '_ \/ _` | \ \ \ \
 \\/  ___)| |_)| | | | | || (_| |  ) ) ) )
  '  |____| .__|_| |_|_| |_\__, | / / / /
 =========|_|==============|___/=/_/_/_/

 :: Spring Boot ::                (v3.4.5)

2025-05-18T14:24:48.666Z  INFO 11391 --- [cicd] [    Test worker] com.project.cicd.CicdApplicationTests    : Starting CicdApplicationTests using Java 21.0.7 with PID 11391 (started by jenkins in /var/lib/jenkins/workspace/springboot-cicd)
2025-05-18T14:24:48.669Z  INFO 11391 --- [cicd] [    Test worker] com.project.cicd.CicdApplicationTests    : No active profile set, falling back to 1 default profile: "default"
2025-05-18T14:24:50.083Z  INFO 11391 --- [cicd] [    Test worker] com.project.cicd.CicdApplicationTests    : Started CicdApplicationTests in 1.779 seconds (process running for 3.144)
]]></system-out>
  <system-err><![CDATA[Mockito is currently self-attaching to enable the inline-mock-maker. This will no longer work in future releases of the JDK. Please add Mockito as an agent to your build what is described in Mockito's documentation: https://javadoc.io/doc/org.mockito/mockito-core/latest/org/mockito/Mockito.html#0.3
WARNING: A Java agent has been loaded dynamically (/var/lib/jenkins/.gradle/caches/modules-2/files-2.1/net.bytebuddy/byte-buddy-agent/1.15.11/a38b16385e867f59a641330f0362ebe742788ed8/byte-buddy-agent-1.15.11.jar)
WARNING: If a serviceability tool is in use, please run with -XX:+EnableDynamicAgentLoading to hide this warning
WARNING: If a serviceability tool is not in use, please run with -Djdk.instrument.traceUsage for more information
WARNING: Dynamic loading of agents will be disallowed by default in a future release
]]></system-err>
</testsuite>
